<?xml version="1.0" encoding="UTF-8"?>
<!-- Generated by org.testng.reporters.JUnitXMLReporter -->
<testsuite hostname="ADMIN-PC" ignored="0" name="Default test" tests="3" failures="0" timestamp="18 Nov 2018 20:24:12 GMT" time="4.235" errors="0">
  <testcase name="nameTest" time="0.39" classname="validateapi.APITest"/>
  <testcase name="canRelist_booleanTest" time="0.01" classname="validateapi.APITest"/>
  <testcase name="descriptionTest" time="0.015" classname="validateapi.APITest"/>
</testsuite> <!-- Default test -->
