<?xml version="1.0" encoding="UTF-8"?>
<testng-results skipped="0" failed="0" ignored="0" total="3" passed="3">
  <reporter-output>
  </reporter-output>
  <suite name="Default suite" duration-ms="4235" started-at="2018-11-18T20:24:08Z" finished-at="2018-11-18T20:24:12Z">
    <groups>
    </groups>
    <test name="Default test" duration-ms="4235" started-at="2018-11-18T20:24:08Z" finished-at="2018-11-18T20:24:12Z">
      <class name="validateapi.APITest">
        <test-method status="PASS" signature="connection()[pri:0, instance:validateapi.APITest@bd1b6a]" name="connection" is-config="true" duration-ms="3795" started-at="2018-11-18T20:24:08Z" finished-at="2018-11-18T20:24:12Z">
          <reporter-output>
          </reporter-output>
        </test-method> <!-- connection -->
        <test-method status="PASS" signature="nameTest()[pri:0, instance:validateapi.APITest@bd1b6a]" name="nameTest" duration-ms="390" started-at="2018-11-18T20:24:12Z" finished-at="2018-11-18T20:24:12Z">
          <reporter-output>
          </reporter-output>
        </test-method> <!-- nameTest -->
        <test-method status="PASS" signature="canRelist_booleanTest()[pri:1, instance:validateapi.APITest@bd1b6a]" name="canRelist_booleanTest" duration-ms="10" started-at="2018-11-18T20:24:12Z" finished-at="2018-11-18T20:24:12Z">
          <reporter-output>
          </reporter-output>
        </test-method> <!-- canRelist_booleanTest -->
        <test-method status="PASS" signature="descriptionTest()[pri:2, instance:validateapi.APITest@bd1b6a]" name="descriptionTest" duration-ms="15" started-at="2018-11-18T20:24:12Z" finished-at="2018-11-18T20:24:12Z">
          <reporter-output>
          </reporter-output>
        </test-method> <!-- descriptionTest -->
      </class> <!-- validateapi.APITest -->
    </test> <!-- Default test -->
  </suite> <!-- Default suite -->
</testng-results>
